빌드 시작: 2017-06-13 오전 1:45:32
     1>2 노드의 "C:\Users\박찬우\documents\visual studio 2010\Projects\25_prac\25_prac\25_prac.vcxproj" 프로젝트(build 대상)입니다.
     1>InitializeBuildStatus:
         "Debug\25_prac.unsuccessfulbuild"에 연결(touching)하고 있습니다.
       ClCompile:
         C:\Program Files (x86)\Microsoft Visual Studio 10.0\VC\bin\CL.exe /c /ZI /nologo /W3 /WX- /Od /Oy- /D WIN32 /D _DEBUG /D _CONSOLE /D _UNICODE /D UNICODE /Gm /EHsc /RTC1 /MDd /GS /fp:precise /Zc:wchar_t /Zc:forScope /Fo"Debug\\" /Fd"Debug\vc100.pdb" /Gd /TC /analyze- /errorReport:prompt 25_prac.c
         25_prac.c
     1>c:\users\박찬우\documents\visual studio 2010\projects\25_prac\25_prac\25_prac.c(19): warning C4996: 'scanf': This function or variable may be unsafe. Consider using scanf_s instead. To disable deprecation, use _CRT_SECURE_NO_WARNINGS. See online help for details.
                 c:\program files (x86)\microsoft visual studio 10.0\vc\include\stdio.h(304) : 'scanf' 선언을 참조하십시오.
       ManifestResourceCompile:
         C:\Program Files (x86)\Microsoft SDKs\Windows\v7.0A\bin\rc.exe /nologo /fo"Debug\25_prac.exe.embed.manifest.res" Debug\25_prac_manifest.rc 
       Link:
         C:\Program Files (x86)\Microsoft Visual Studio 10.0\VC\bin\link.exe /ERRORREPORT:PROMPT /OUT:"C:\Users\박찬우\documents\visual studio 2010\Projects\25_prac\Debug\25_prac.exe" /INCREMENTAL /NOLOGO kernel32.lib user32.lib gdi32.lib winspool.lib comdlg32.lib advapi32.lib shell32.lib ole32.lib oleaut32.lib uuid.lib odbc32.lib odbccp32.lib /MANIFEST /ManifestFile:"Debug\25_prac.exe.intermediate.manifest" /MANIFESTUAC:"level='asInvoker' uiAccess='false'" /DEBUG /PDB:"C:\Users\박찬우\documents\visual studio 2010\Projects\25_prac\Debug\25_prac.pdb" /SUBSYSTEM:CONSOLE /TLBID:1 /DYNAMICBASE /NXCOMPAT /IMPLIB:"C:\Users\박찬우\documents\visual studio 2010\Projects\25_prac\Debug\25_prac.lib" /MACHINE:X86 Debug\25_prac.exe.embed.manifest.res
         Debug\25_prac.obj
       Manifest:
         C:\Program Files (x86)\Microsoft SDKs\Windows\v7.0A\bin\mt.exe /nologo /verbose /out:"Debug\25_prac.exe.embed.manifest" /manifest Debug\25_prac.exe.intermediate.manifest
         C:\Program Files (x86)\Microsoft SDKs\Windows\v7.0A\bin\rc.exe /nologo /fo"Debug\25_prac.exe.embed.manifest.res" Debug\25_prac_manifest.rc 
       LinkEmbedManifest:
         C:\Program Files (x86)\Microsoft Visual Studio 10.0\VC\bin\link.exe /ERRORREPORT:PROMPT /OUT:"C:\Users\박찬우\documents\visual studio 2010\Projects\25_prac\Debug\25_prac.exe" /INCREMENTAL /NOLOGO kernel32.lib user32.lib gdi32.lib winspool.lib comdlg32.lib advapi32.lib shell32.lib ole32.lib oleaut32.lib uuid.lib odbc32.lib odbccp32.lib /MANIFEST /ManifestFile:"Debug\25_prac.exe.intermediate.manifest" /MANIFESTUAC:"level='asInvoker' uiAccess='false'" /DEBUG /PDB:"C:\Users\박찬우\documents\visual studio 2010\Projects\25_prac\Debug\25_prac.pdb" /SUBSYSTEM:CONSOLE /TLBID:1 /DYNAMICBASE /NXCOMPAT /IMPLIB:"C:\Users\박찬우\documents\visual studio 2010\Projects\25_prac\Debug\25_prac.lib" /MACHINE:X86 Debug\25_prac.exe.embed.manifest.res
         Debug\25_prac.obj
         25_prac.vcxproj -> C:\Users\박찬우\documents\visual studio 2010\Projects\25_prac\Debug\25_prac.exe
       FinalizeBuildStatus:
         "Debug\25_prac.unsuccessfulbuild" 파일을 삭제하고 있습니다.
         "Debug\25_prac.lastbuildstate"에 연결(touching)하고 있습니다.
     1>"C:\Users\박찬우\documents\visual studio 2010\Projects\25_prac\25_prac\25_prac.vcxproj" 프로젝트를 빌드했습니다(build 대상).

빌드했습니다.

경과 시간: 00:00:00.97
