빌드 시작: 2017-04-18 오전 10:13:53
     1>2 노드의 "C:\Users\박찬우\documents\visual studio 2010\Projects\과정지도 prac\과정지도 prac\과정지도 prac.vcxproj" 프로젝트(build 대상)입니다.
     1>InitializeBuildStatus:
         "AlwaysCreate"이(가) 지정되었기 때문에 "Debug\과정지도 prac.unsuccessfulbuild"을(를) 만들고 있습니다.
       ClCompile:
         모든 출력이 최신 상태입니다.
       ManifestResourceCompile:
         모든 출력이 최신 상태입니다.
       Link:
         C:\Program Files (x86)\Microsoft Visual Studio 10.0\VC\bin\link.exe /ERRORREPORT:PROMPT /OUT:"C:\Users\박찬우\documents\visual studio 2010\Projects\과정지도 prac\Debug\과정지도 prac.exe" /INCREMENTAL /NOLOGO kernel32.lib user32.lib gdi32.lib winspool.lib comdlg32.lib advapi32.lib shell32.lib ole32.lib oleaut32.lib uuid.lib odbc32.lib odbccp32.lib /MANIFEST /ManifestFile:"Debug\과정지도 prac.exe.intermediate.manifest" /MANIFESTUAC:"level='asInvoker' uiAccess='false'" /DEBUG /PDB:"C:\Users\박찬우\documents\visual studio 2010\Projects\과정지도 prac\Debug\과정지도 prac.pdb" /SUBSYSTEM:CONSOLE /TLBID:1 /DYNAMICBASE /NXCOMPAT /IMPLIB:"C:\Users\박찬우\documents\visual studio 2010\Projects\과정지도 prac\Debug\과정지도 prac.lib" /MACHINE:X86 "Debug\과정지도 prac.exe.embed.manifest.res"
         "Debug\과정지도 prac.obj"
       Manifest:
         C:\Program Files (x86)\Microsoft SDKs\Windows\v7.0A\bin\mt.exe /nologo /verbose /out:"Debug\과정지도 prac.exe.embed.manifest" /manifest "Debug\과정지도 prac.exe.intermediate.manifest"
         모든 출력이 최신 상태입니다.
       LinkEmbedManifest:
         모든 출력이 최신 상태입니다.
         과정지도 prac.vcxproj -> C:\Users\박찬우\documents\visual studio 2010\Projects\과정지도 prac\Debug\과정지도 prac.exe
       FinalizeBuildStatus:
         "Debug\과정지도 prac.unsuccessfulbuild" 파일을 삭제하고 있습니다.
         "Debug\과정지도 prac.lastbuildstate"에 연결(touching)하고 있습니다.
     1>"C:\Users\박찬우\documents\visual studio 2010\Projects\과정지도 prac\과정지도 prac\과정지도 prac.vcxproj" 프로젝트를 빌드했습니다(build 대상).

빌드했습니다.

경과 시간: 00:00:00.35
