빌드 시작: 2017-04-09 오전 2:11:42
     1>2 노드의 "C:\Users\박찬우\Documents\Visual Studio 2010\Projects\loop\loop\loop.vcxproj" 프로젝트(build 대상)입니다.
     1>InitializeBuildStatus:
         "AlwaysCreate"이(가) 지정되었기 때문에 "Debug\loop.unsuccessfulbuild"을(를) 만들고 있습니다.
       ClCompile:
         C:\Program Files (x86)\Microsoft Visual Studio 10.0\VC\bin\CL.exe /c /ZI /nologo /W3 /WX- /Od /Oy- /D WIN32 /D _DEBUG /D _CONSOLE /D _UNICODE /D UNICODE /Gm /EHsc /RTC1 /MDd /GS /fp:precise /Zc:wchar_t /Zc:forScope /Fo"Debug\\" /Fd"Debug\vc100.pdb" /Gd /TC /analyze- /errorReport:prompt loop.c
         loop.c
     1>c:\users\박찬우\documents\visual studio 2010\projects\loop\loop\loop.c(18): warning C4996: 'scanf': This function or variable may be unsafe. Consider using scanf_s instead. To disable deprecation, use _CRT_SECURE_NO_WARNINGS. See online help for details.
                 c:\program files (x86)\microsoft visual studio 10.0\vc\include\stdio.h(304) : 'scanf' 선언을 참조하십시오.
     1>c:\users\박찬우\documents\visual studio 2010\projects\loop\loop\loop.c(22): warning C4996: 'scanf': This function or variable may be unsafe. Consider using scanf_s instead. To disable deprecation, use _CRT_SECURE_NO_WARNINGS. See online help for details.
                 c:\program files (x86)\microsoft visual studio 10.0\vc\include\stdio.h(304) : 'scanf' 선언을 참조하십시오.
       ManifestResourceCompile:
         모든 출력이 최신 상태입니다.
       Link:
         C:\Program Files (x86)\Microsoft Visual Studio 10.0\VC\bin\link.exe /ERRORREPORT:PROMPT /OUT:"C:\Users\박찬우\Documents\Visual Studio 2010\Projects\loop\Debug\loop.exe" /INCREMENTAL /NOLOGO kernel32.lib user32.lib gdi32.lib winspool.lib comdlg32.lib advapi32.lib shell32.lib ole32.lib oleaut32.lib uuid.lib odbc32.lib odbccp32.lib /MANIFEST /ManifestFile:"Debug\loop.exe.intermediate.manifest" /MANIFESTUAC:"level='asInvoker' uiAccess='false'" /DEBUG /PDB:"C:\Users\박찬우\Documents\Visual Studio 2010\Projects\loop\Debug\loop.pdb" /SUBSYSTEM:CONSOLE /TLBID:1 /DYNAMICBASE /NXCOMPAT /IMPLIB:"C:\Users\박찬우\Documents\Visual Studio 2010\Projects\loop\Debug\loop.lib" /MACHINE:X86 Debug\loop.exe.embed.manifest.res
         Debug\loop.obj
       Manifest:
         C:\Program Files (x86)\Microsoft SDKs\Windows\v7.0A\bin\mt.exe /nologo /verbose /out:"Debug\loop.exe.embed.manifest" /manifest Debug\loop.exe.intermediate.manifest
         모든 출력이 최신 상태입니다.
       LinkEmbedManifest:
         모든 출력이 최신 상태입니다.
         loop.vcxproj -> C:\Users\박찬우\Documents\Visual Studio 2010\Projects\loop\Debug\loop.exe
       FinalizeBuildStatus:
         "Debug\loop.unsuccessfulbuild" 파일을 삭제하고 있습니다.
         "Debug\loop.lastbuildstate"에 연결(touching)하고 있습니다.
     1>"C:\Users\박찬우\Documents\Visual Studio 2010\Projects\loop\loop\loop.vcxproj" 프로젝트를 빌드했습니다(build 대상).

빌드했습니다.

경과 시간: 00:00:00.64
