빌드 시작: 2017-04-01 오전 1:27:36
     1>2 노드의 "c:\Users\박찬우\documents\visual studio 2010\Projects\sphere\sphere\sphere.vcxproj" 프로젝트(build 대상)입니다.
     1>InitializeBuildStatus:
         "AlwaysCreate"이(가) 지정되었기 때문에 "Debug\sphere.unsuccessfulbuild"을(를) 만들고 있습니다.
       ClCompile:
         C:\Program Files (x86)\Microsoft Visual Studio 10.0\VC\bin\CL.exe /c /ZI /nologo /W3 /WX- /Od /Oy- /D WIN32 /D _DEBUG /D _CONSOLE /D _UNICODE /D UNICODE /Gm /EHsc /RTC1 /MDd /GS /fp:precise /Zc:wchar_t /Zc:forScope /Fo"Debug\\" /Fd"Debug\vc100.pdb" /Gd /TC /analyze- /errorReport:prompt sphere.c
         sphere.c
     1>c:\users\박찬우\documents\visual studio 2010\projects\sphere\sphere\sphere.c(17): warning C4996: 'scanf': This function or variable may be unsafe. Consider using scanf_s instead. To disable deprecation, use _CRT_SECURE_NO_WARNINGS. See online help for details.
                 c:\program files (x86)\microsoft visual studio 10.0\vc\include\stdio.h(304) : 'scanf' 선언을 참조하십시오.
       ManifestResourceCompile:
         모든 출력이 최신 상태입니다.
       Link:
         C:\Program Files (x86)\Microsoft Visual Studio 10.0\VC\bin\link.exe /ERRORREPORT:PROMPT /OUT:"c:\users\박찬우\documents\visual studio 2010\Projects\sphere\Debug\sphere.exe" /INCREMENTAL /NOLOGO kernel32.lib user32.lib gdi32.lib winspool.lib comdlg32.lib advapi32.lib shell32.lib ole32.lib oleaut32.lib uuid.lib odbc32.lib odbccp32.lib /MANIFEST /ManifestFile:"Debug\sphere.exe.intermediate.manifest" /MANIFESTUAC:"level='asInvoker' uiAccess='false'" /DEBUG /PDB:"c:\users\박찬우\documents\visual studio 2010\Projects\sphere\Debug\sphere.pdb" /SUBSYSTEM:CONSOLE /TLBID:1 /DYNAMICBASE /NXCOMPAT /IMPLIB:"c:\users\박찬우\documents\visual studio 2010\Projects\sphere\Debug\sphere.lib" /MACHINE:X86 Debug\sphere.exe.embed.manifest.res
         Debug\sphere.obj
       Manifest:
         C:\Program Files (x86)\Microsoft SDKs\Windows\v7.0A\bin\mt.exe /nologo /verbose /out:"Debug\sphere.exe.embed.manifest" /manifest Debug\sphere.exe.intermediate.manifest
         모든 출력이 최신 상태입니다.
       LinkEmbedManifest:
         모든 출력이 최신 상태입니다.
         sphere.vcxproj -> c:\users\박찬우\documents\visual studio 2010\Projects\sphere\Debug\sphere.exe
       FinalizeBuildStatus:
         "Debug\sphere.unsuccessfulbuild" 파일을 삭제하고 있습니다.
         "Debug\sphere.lastbuildstate"에 연결(touching)하고 있습니다.
     1>"c:\Users\박찬우\documents\visual studio 2010\Projects\sphere\sphere\sphere.vcxproj" 프로젝트를 빌드했습니다(build 대상).

빌드했습니다.

경과 시간: 00:00:00.40
